DEBUG:root: Sun Current Position is : [ 0.  0.]
DEBUG:root: Sun Current Velocity is : [ 0.  0.]
DEBUG:root: Sun Current Acceleration is : [  6.67408000e-11   0.00000000e+00]
DEBUG:root: Sun previous Acceleration is : [  6.67408000e-11   0.00000000e+00]
DEBUG:root: Sun New Position is : [  3.33704000e-07   0.00000000e+00]
DEBUG:root:Planet Current Position is : [ 1.  0.]
DEBUG:root:Planet Current Velocity is : [ 0.         0.0008167]
DEBUG:root:Planet Current Acceleration is : [ -6.67408000e-07   0.00000000e+00]
DEBUG:root:Planet previous Acceleration is : [ -6.67408000e-07   0.00000000e+00]
DEBUG:root:Planet New Position is : [ 0.99666296  0.08167   ]
DEBUG:root:now running calculateNextVelocity Method
DEBUG:root:now running calculateNextVelocity Method
DEBUG:root: Sun Current Position is : [  3.33704000e-07   0.00000000e+00]
DEBUG:root: Sun Current Velocity is : [  6.66663415e-11   1.81688966e-12]
DEBUG:root: Sun Current Acceleration is : [  6.65174245e-11   5.45066898e-12]
DEBUG:root: Sun previous Acceleration is : [  6.67408000e-11   0.00000000e+00]
DEBUG:root: Sun New Position is : [  6.72585464e-07   3.65194821e-08]
DEBUG:root:Planet Current Position is : [ 0.99666296  0.08167   ]
DEBUG:root:Planet Current Velocity is : [ -6.66663415e-07   8.16681831e-04]
DEBUG:root:Planet Current Acceleration is : [ -6.65174245e-07  -5.45066898e-08]
DEBUG:root:Planet previous Acceleration is : [ -6.67408000e-07   0.00000000e+00]
DEBUG:root:Planet New Position is : [ 0.99327415  0.16297481]
DEBUG:root:now running calculateNextVelocity Method
DEBUG:root:now running calculateNextVelocity Method
DEBUG:root: Sun Current Position is : [  6.72585464e-07   3.65194821e-08]
DEBUG:root: Sun Current Velocity is : [  1.32642443e-10   9.91442807e-12]
DEBUG:root: Sun Current Acceleration is : [  6.50051424e-11   1.06659428e-11]
DEBUG:root: Sun previous Acceleration is : [  6.65174245e-11   5.45066898e-12]
DEBUG:root: Sun New Position is : [  1.00835495e-06   9.95327620e-08]
DEBUG:root:Planet Current Position is : [ 0.99327415  0.16297481]
DEBUG:root:Planet Current Velocity is : [ -1.32642443e-06   8.16600856e-04]
DEBUG:root:Planet Current Acceleration is : [ -6.50051424e-07  -1.06659428e-07]
DEBUG:root:Planet previous Acceleration is : [ -6.65174245e-07  -5.45066898e-08]
DEBUG:root:Planet New Position is : [ 0.98991645  0.24401467]
DEBUG:root:now running calculateNextVelocity Method
DEBUG:root:now running calculateNextVelocity Method
DEBUG:root: Sun Current Position is : [ 0.  0.]
DEBUG:root: Sun Current Velocity is : [ 0.  0.]
DEBUG:root: Sun Current Acceleration is : [  6.67408000e-11   0.00000000e+00]
DEBUG:root: Sun previous Acceleration is : [  6.67408000e-11   0.00000000e+00]
DEBUG:root: Sun New Position is : [  3.33704000e-07   0.00000000e+00]
DEBUG:root:Planet Current Position is : [ 1.  0.]
DEBUG:root:Planet Current Velocity is : [ 0.         0.0008167]
DEBUG:root:Planet Current Acceleration is : [ -6.67408000e-07   0.00000000e+00]
DEBUG:root:Planet previous Acceleration is : [ -6.67408000e-07   0.00000000e+00]
DEBUG:root:Planet New Position is : [ 0.99666296  0.08167   ]
DEBUG:root:now running calculateNextVelocity Method
DEBUG:root:now running calculateNextVelocity Method
DEBUG:root: Sun Current Position is : [  3.33704000e-07   0.00000000e+00]
DEBUG:root: Sun Current Velocity is : [  6.66663415e-09   1.81688966e-10]
DEBUG:root: Sun Current Acceleration is : [  6.65174245e-11   5.45066898e-12]
DEBUG:root: Sun previous Acceleration is : [  6.67408000e-11   0.00000000e+00]
DEBUG:root: Sun New Position is : [  1.33258224e-06   5.45066898e-08]
DEBUG:root:Planet Current Position is : [ 0.99666296  0.08167   ]
DEBUG:root:Planet Current Velocity is : [ -6.66663415e-05   8.14883110e-04]
DEBUG:root:Planet Current Acceleration is : [ -6.65174245e-07  -5.45066898e-08]
DEBUG:root:Planet previous Acceleration is : [ -6.67408000e-07   0.00000000e+00]
DEBUG:root:Planet New Position is : [ 0.98667418  0.16279493]
DEBUG:root:now running calculateNextVelocity Method
DEBUG:root:now running calculateNextVelocity Method
DEBUG:root: Sun Current Position is : [  1.33258224e-06   5.45066898e-08]
DEBUG:root: Sun Current Velocity is : [  1.32923668e-08   9.98066223e-10]
DEBUG:root: Sun Current Acceleration is : [  6.58488187e-11   1.08646453e-11]
DEBUG:root: Sun previous Acceleration is : [  6.65174245e-11   5.45066898e-12]
DEBUG:root: Sun New Position is : [  2.98994868e-06   2.17659832e-07]
DEBUG:root:Planet Current Position is : [ 0.98667418  0.16279493]
DEBUG:root:Planet Current Velocity is : [-0.00013292  0.00080672]
DEBUG:root:Planet Current Acceleration is : [ -6.58488187e-07  -1.08646453e-07]
DEBUG:root:Planet previous Acceleration is : [ -6.65174245e-07  -5.45066898e-08]
DEBUG:root:Planet New Position is : [ 0.97010051  0.2428334 ]
DEBUG:root:now running calculateNextVelocity Method
DEBUG:root:now running calculateNextVelocity Method
DEBUG:root: Sun Current Position is : [  2.98994868e-06   2.17659832e-07]
DEBUG:root: Sun Current Velocity is : [  1.98291291e-08   2.35279189e-09]
DEBUG:root: Sun Current Acceleration is : [  6.47395339e-11   1.62054915e-11]
DEBUG:root: Sun previous Acceleration is : [  6.58488187e-11   1.08646453e-11]
DEBUG:root: Sun New Position is : [  5.29471045e-06   5.42867889e-07]
DEBUG:root:Planet Current Position is : [ 0.97010051  0.2428334 ]
DEBUG:root:Planet Current Velocity is : [-0.00019829  0.00079317]
DEBUG:root:Planet Current Acceleration is : [ -6.47395339e-07  -1.62054915e-07]
DEBUG:root:Planet previous Acceleration is : [ -6.58488187e-07  -1.08646453e-07]
DEBUG:root:Planet New Position is : [ 0.9470529   0.32125132]
DEBUG:root:now running calculateNextVelocity Method
DEBUG:root:now running calculateNextVelocity Method
DEBUG:root: Sun Current Position is : [  5.29471045e-06   5.42867889e-07]
DEBUG:root: Sun Current Velocity is : [  2.62331806e-08   4.23674806e-09]
DEBUG:root: Sun Current Acceleration is : [  6.31971190e-11   2.14372790e-11]
DEBUG:root: Sun previous Acceleration is : [  6.47395339e-11   1.62054915e-11]
DEBUG:root: Sun New Position is : [  8.23144341e-06   1.08244874e-06]
DEBUG:root:Planet Current Position is : [ 0.9470529   0.32125132]
DEBUG:root:Planet Current Velocity is : [-0.00026233  0.00077433]
DEBUG:root:Planet Current Acceleration is : [ -6.31971190e-07  -2.14372790e-07]
DEBUG:root:Planet previous Acceleration is : [ -6.47395339e-07  -1.62054915e-07]
DEBUG:root:Planet New Position is : [ 0.91768557  0.39752551]
DEBUG:root:now running calculateNextVelocity Method
DEBUG:root:now running calculateNextVelocity Method
DEBUG:root: Sun Current Position is : [  8.23144341e-06   1.08244874e-06]
DEBUG:root: Sun Current Velocity is : [  3.24616838e-08   6.63725770e-09]
DEBUG:root: Sun Current Acceleration is : [  6.12320654e-11   2.65248372e-11]
DEBUG:root: Sun previous Acceleration is : [  6.31971190e-11   2.14372790e-11]
DEBUG:root: Sun New Position is : [  1.17804970e-05   1.88727796e-06]
DEBUG:root:Planet Current Position is : [ 0.91768557  0.39752551]
DEBUG:root:Planet Current Velocity is : [-0.00032462  0.00075033]
DEBUG:root:Planet Current Acceleration is : [ -6.12320654e-07  -2.65248372e-07]
DEBUG:root:Planet previous Acceleration is : [ -6.31971190e-07  -2.14372790e-07]
DEBUG:root:Planet New Position is : [ 0.88219503  0.47114722]
DEBUG:root:now running calculateNextVelocity Method
DEBUG:root:now running calculateNextVelocity Method
DEBUG:root: Sun Current Position is : [  1.17804970e-05   1.88727796e-06]
DEBUG:root: Sun Current Velocity is : [  3.84729950e-08   9.53817271e-09]
DEBUG:root: Sun Current Acceleration is : [  5.88577316e-11   3.14339970e-11]
DEBUG:root: Sun previous Acceleration is : [  6.12320654e-11   2.65248372e-11]
DEBUG:root: Sun New Position is : [  1.59181280e-05   3.00644715e-06]
DEBUG:root:Planet Current Position is : [ 0.88219503  0.47114722]
DEBUG:root:Planet Current Velocity is : [-0.00038473  0.00072132]
DEBUG:root:Planet Current Acceleration is : [ -5.88577316e-07  -3.14339970e-07]
DEBUG:root:Planet previous Acceleration is : [ -6.12320654e-07  -2.65248372e-07]
DEBUG:root:Planet New Position is : [ 0.84081872  0.54162553]
DEBUG:root:now running calculateNextVelocity Method
DEBUG:root:now running calculateNextVelocity Method
DEBUG:root: Sun Current Position is : [  1.59181280e-05   3.00644715e-06]
DEBUG:root: Sun Current Velocity is : [  4.42269464e-08   1.29199861e-08]
DEBUG:root: Sun Current Acceleration is : [  5.60902466e-11   3.61318263e-11]
DEBUG:root: Sun previous Acceleration is : [  5.88577316e-11   3.14339970e-11]
DEBUG:root: Sun New Position is : [  2.06166614e-05   4.48693460e-06]
DEBUG:root:Planet Current Position is : [ 0.84081872  0.54162553]
DEBUG:root:Planet Current Velocity is : [-0.00044227  0.0006875 ]
DEBUG:root:Planet Current Acceleration is : [ -5.60902466e-07  -3.61318263e-07]
DEBUG:root:Planet previous Acceleration is : [ -5.88577316e-07  -3.14339970e-07]
DEBUG:root:Planet New Position is : [ 0.79383339  0.60849065]
DEBUG:root:now running calculateNextVelocity Method
DEBUG:root:now running calculateNextVelocity Method
DEBUG:root: Sun Current Position is : [  2.06166614e-05   4.48693460e-06]
DEBUG:root: Sun Current Velocity is : [  4.96851179e-08   1.67599668e-08]
DEBUG:root: Sun Current Acceleration is : [  5.29483935e-11   4.05868565e-11]
DEBUG:root: Sun previous Acceleration is : [  5.60902466e-11   3.61318263e-11]
DEBUG:root: Sun New Position is : [  2.58446787e-05   6.37329062e-06]
DEBUG:root:Planet Current Position is : [ 0.79383339  0.60849065]
DEBUG:root:Planet Current Velocity is : [-0.00049685  0.0006491 ]
DEBUG:root:Planet Current Acceleration is : [ -5.29483935e-07  -4.05868565e-07]
DEBUG:root:Planet previous Acceleration is : [ -5.60902466e-07  -3.61318263e-07]
DEBUG:root:Planet New Position is : [ 0.74155321  0.67129709]
DEBUG:root:now running calculateNextVelocity Method
DEBUG:root:now running calculateNextVelocity Method
DEBUG:root: Sun Current Position is : [  2.58446787e-05   6.37329062e-06]
DEBUG:root: Sun Current Velocity is : [  5.48110957e-08   2.10323177e-08]
DEBUG:root: Sun Current Acceleration is : [  4.94534751e-11   4.47692969e-11]
DEBUG:root: Sun previous Acceleration is : [  5.29483935e-11   4.05868565e-11]
DEBUG:root: Sun New Position is : [  3.15672308e-05   8.70733960e-06]
DEBUG:root:Planet Current Position is : [ 0.74155321  0.67129709]
DEBUG:root:Planet Current Velocity is : [-0.00054811  0.00060638]
DEBUG:root:Planet Current Acceleration is : [ -4.94534751e-07  -4.47692969e-07]
DEBUG:root:Planet previous Acceleration is : [ -5.29483935e-07  -4.05868565e-07]
DEBUG:root:Planet New Position is : [ 0.68432769  0.7296266 ]
DEBUG:root:now running calculateNextVelocity Method
DEBUG:root:now running calculateNextVelocity Method
DEBUG:root: Sun Current Position is : [  3.15672308e-05   8.70733960e-06]
DEBUG:root: Sun Current Velocity is : [  5.95707175e-08   2.57083527e-08]
DEBUG:root: Sun Current Acceleration is : [  4.56291614e-11   4.86512367e-11]
DEBUG:root: Sun previous Acceleration is : [  4.94534751e-11   4.47692969e-11]
DEBUG:root: Sun New Position is : [  3.77460745e-05   1.15279010e-05]
DEBUG:root:Planet Current Position is : [ 0.68432769  0.7296266 ]
DEBUG:root:Planet Current Velocity is : [-0.00059571  0.00055962]
DEBUG:root:Planet Current Acceleration is : [ -4.56291614e-07  -4.86512367e-07]
DEBUG:root:Planet previous Acceleration is : [ -4.94534751e-07  -4.47692969e-07]
DEBUG:root:Planet New Position is : [ 0.62253926  0.78309099]
DEBUG:root:now running calculateNextVelocity Method
DEBUG:root:now running calculateNextVelocity Method
DEBUG:root: Sun Current Position is : [  3.77460745e-05   1.15279010e-05]
DEBUG:root: Sun Current Velocity is : [  6.39323004e-08   3.07566952e-08]
DEBUG:root: Sun Current Acceleration is : [  4.15013212e-11   5.22068330e-11]
DEBUG:root: Sun previous Acceleration is : [  4.56291614e-11   4.86512367e-11]
DEBUG:root: Sun New Position is : [  4.43399314e-05   1.48705306e-05]
DEBUG:root:Planet Current Position is : [ 0.62253926  0.78309099]
DEBUG:root:Planet Current Velocity is : [-0.00063932  0.00050913]
DEBUG:root:Planet Current Acceleration is : [ -4.15013212e-07  -5.22068330e-07]
DEBUG:root:Planet previous Acceleration is : [ -4.56291614e-07  -4.86512367e-07]
DEBUG:root:Planet New Position is : [ 0.55660069  0.83133469]
DEBUG:root:now running calculateNextVelocity Method
DEBUG:root:now running calculateNextVelocity Method
DEBUG:root: Sun Current Position is : [  4.43399314e-05   1.48705306e-05]
DEBUG:root: Sun Current Velocity is : [  6.78668524e-08   3.61434935e-08]
DEBUG:root: Sun Current Acceleration is : [  3.70978388e-11   5.54124825e-11]
DEBUG:root: Sun previous Acceleration is : [  4.15013212e-11   5.22068330e-11]
DEBUG:root: Sun New Position is : [  5.13047667e-05   1.87672851e-05]
DEBUG:root:Planet Current Position is : [ 0.55660069  0.83133469]
DEBUG:root:Planet Current Velocity is : [-0.00067867  0.00045527]
DEBUG:root:Planet Current Acceleration is : [ -3.70978388e-07  -5.54124825e-07]
DEBUG:root:Planet previous Acceleration is : [ -4.15013212e-07  -5.22068330e-07]
DEBUG:root:Planet New Position is : [ 0.48695233  0.87403715]
DEBUG:root:now running calculateNextVelocity Method
DEBUG:root:now running calculateNextVelocity Method
DEBUG:root: Sun Current Position is : [  5.13047667e-05   1.87672851e-05]
DEBUG:root: Sun Current Velocity is : [  7.13482642e-08   4.18326524e-08]
DEBUG:root: Sun Current Acceleration is : [  3.24484172e-11   5.82469771e-11]
DEBUG:root: Sun previous Acceleration is : [  3.70978388e-11   5.54124825e-11]
DEBUG:root: Sun New Position is : [  5.85940861e-05   2.32465094e-05]
DEBUG:root:Planet Current Position is : [ 0.48695233  0.87403715]
DEBUG:root:Planet Current Velocity is : [-0.00071348  0.00039837]
DEBUG:root:Planet Current Acceleration is : [ -3.24484172e-07  -5.82469771e-07]
DEBUG:root:Planet previous Acceleration is : [ -3.70978388e-07  -5.54124825e-07]
DEBUG:root:Planet New Position is : [ 0.41405914  0.91091491]
DEBUG:root:now running calculateNextVelocity Method
DEBUG:root:now running calculateNextVelocity Method
DEBUG:root: Sun Current Position is : [  5.85940861e-05   2.32465094e-05]
DEBUG:root: Sun Current Velocity is : [  7.43534806e-08   4.77860805e-08]
DEBUG:root: Sun Current Acceleration is : [  2.75843701e-11   6.06916416e-11]
DEBUG:root: Sun previous Acceleration is : [  3.24484172e-11   5.82469771e-11]
DEBUG:root: Sun New Position is : [  6.61592493e-05   2.83326501e-05]
DEBUG:root:Planet Current Position is : [ 0.41405914  0.91091491]
DEBUG:root:Planet Current Velocity is : [-0.00074353  0.00033884]
DEBUG:root:Planet Current Acceleration is : [ -2.75843701e-07  -6.06916416e-07]
DEBUG:root:Planet previous Acceleration is : [ -3.24484172e-07  -5.82469771e-07]
DEBUG:root:Planet New Position is : [ 0.33840751  0.9417235 ]
DEBUG:root:now running calculateNextVelocity Method
DEBUG:root:now running calculateNextVelocity Method
DEBUG:root: Sun Current Position is : [  6.61592493e-05   2.83326501e-05]
DEBUG:root: Sun Current Velocity is : [  7.68626513e-08   5.39639494e-08]
DEBUG:root: Sun Current Acceleration is : [  2.25384038e-11   6.27304527e-11]
DEBUG:root: Sun previous Acceleration is : [  2.75843701e-11   6.06916416e-11]
DEBUG:root: Sun New Position is : [  7.39497965e-05   3.40460953e-05]
DEBUG:root:Planet Current Position is : [ 0.33840751  0.9417235 ]
DEBUG:root:Planet Current Velocity is : [-0.00076863  0.00027706]
DEBUG:root:Planet Current Acceleration is : [ -2.25384038e-07  -6.27304527e-07]
DEBUG:root:Planet previous Acceleration is : [ -2.75843701e-07  -6.06916416e-07]
DEBUG:root:Planet New Position is : [ 0.26050203  0.96625905]
DEBUG:root:now running calculateNextVelocity Method
DEBUG:root:now running calculateNextVelocity Method
DEBUG:root: Sun Current Position is : [  7.39497965e-05   3.40460953e-05]
DEBUG:root: Sun Current Velocity is : [  7.88592585e-08   6.03249644e-08]
DEBUG:root: Sun Current Acceleration is : [  1.73443903e-11   6.43501392e-11]
DEBUG:root: Sun previous Acceleration is : [  2.25384038e-11   6.27304527e-11]
DEBUG:root: Sun New Position is : [  8.19137876e-05   4.04030420e-05]
DEBUG:root:Planet Current Position is : [ 0.26050203  0.96625905]
DEBUG:root:Planet Current Velocity is : [-0.00078859  0.00021345]
DEBUG:root:Planet Current Acceleration is : [ -1.73443903e-07  -6.43501392e-07]
DEBUG:root:Planet previous Acceleration is : [ -2.25384038e-07  -6.27304527e-07]
DEBUG:root:Planet New Position is : [ 0.18086212  0.98435958]
DEBUG:root:now running calculateNextVelocity Method
DEBUG:root:now running calculateNextVelocity Method
DEBUG:root: Sun Current Position is : [  8.19137876e-05   4.04030420e-05]
DEBUG:root: Sun Current Velocity is : [  8.03302221e-08   6.68266438e-08]
DEBUG:root: Sun Current Acceleration is : [  1.20371345e-11   6.55402619e-11]
DEBUG:root: Sun previous Acceleration is : [  1.73443903e-11   6.43501392e-11]
DEBUG:root: Sun New Position is : [  8.99981501e-05   4.74153912e-05]
DEBUG:root:Planet Current Position is : [ 0.18086212  0.98435958]
DEBUG:root:Planet Current Velocity is : [-0.0008033   0.00014843]
DEBUG:root:Planet Current Acceleration is : [ -1.20371345e-07  -6.55402619e-07]
DEBUG:root:Planet previous Acceleration is : [ -1.73443903e-07  -6.43501392e-07]
DEBUG:root:Planet New Position is : [ 0.1000185   0.99590609]
DEBUG:root:now running calculateNextVelocity Method
DEBUG:root:now running calculateNextVelocity Method
DEBUG:root: Sun Current Position is : [  8.99981501e-05   4.74153912e-05]
DEBUG:root: Sun Current Velocity is : [  8.12659813e-08   7.34256058e-08]
DEBUG:root: Sun Current Acceleration is : [  6.65213620e-12   6.62932743e-11]
DEBUG:root: Sun previous Acceleration is : [  1.20371345e-11   6.55402619e-11]
DEBUG:root: Sun New Position is : [  9.81490339e-05   5.50906732e-05]
DEBUG:root:Planet Current Position is : [ 0.1000185   0.99590609]
DEBUG:root:Planet Current Velocity is : [ -8.12659813e-04   8.24439418e-05]
DEBUG:root:Planet Current Acceleration is : [ -6.65213620e-08  -6.62932743e-07]
DEBUG:root:Planet previous Acceleration is : [ -1.20371345e-07  -6.55402619e-07]
DEBUG:root:Planet New Position is : [ 0.01850966  1.00082327]
DEBUG:root:now running calculateNextVelocity Method
DEBUG:root:now running calculateNextVelocity Method
DEBUG:root: Sun Current Position is : [  9.81490339e-05   5.50906732e-05]
DEBUG:root: Sun Current Velocity is : [  8.16605521e-08   8.00778597e-08]
DEBUG:root: Sun Current Acceleration is : [  1.22534942e-12   6.66045627e-11]
DEBUG:root: Sun previous Acceleration is : [  6.65213620e-12   6.62932743e-11]
DEBUG:root: Sun New Position is : [  1.06312171e-04   6.34320008e-05]
DEBUG:root:Planet Current Position is : [ 0.01850966  1.00082327]
DEBUG:root:Planet Current Velocity is : [ -8.16605521e-04   1.59214026e-05]
DEBUG:root:Planet Current Acceleration is : [ -1.22534942e-08  -6.66045627e-07]
DEBUG:root:Planet previous Acceleration is : [ -6.65213620e-08  -6.62932743e-07]
DEBUG:root:Planet New Position is : [-0.06312171  0.99907999]
DEBUG:root:now running calculateNextVelocity Method
DEBUG:root:now running calculateNextVelocity Method
DEBUG:root: Sun Current Position is : [  1.06312171e-04   6.34320008e-05]
DEBUG:root: Sun Current Velocity is : [  8.15115603e-08   8.67391009e-08]
DEBUG:root: Sun Current Acceleration is : [ -4.20706011e-12   6.64724664e-11]
DEBUG:root: Sun previous Acceleration is : [  1.22534942e-12   6.66045627e-11]
DEBUG:root: Sun New Position is : [  1.14433238e-04   7.24380530e-05]
DEBUG:root:Planet Current Position is : [-0.06312171  0.99907999]
DEBUG:root:Planet Current Velocity is : [ -8.15115603e-04  -5.06910094e-05]
DEBUG:root:Planet Current Acceleration is : [  4.20706011e-08  -6.64724664e-07]
DEBUG:root:Planet previous Acceleration is : [ -1.22534942e-08  -6.66045627e-07]
DEBUG:root:Planet New Position is : [-0.14433238  0.99068947]
DEBUG:root:now running calculateNextVelocity Method
DEBUG:root:now running calculateNextVelocity Method
DEBUG:root: Sun Current Position is : [  1.14433238e-04   7.24380530e-05]
DEBUG:root: Sun Current Velocity is : [  8.08202509e-08   9.33650063e-08]
DEBUG:root: Sun Current Acceleration is : [ -9.60895662e-12   6.58982772e-11]
DEBUG:root: Sun previous Acceleration is : [ -4.20706011e-12   6.64724664e-11]
DEBUG:root: Sun New Position is : [  1.22458215e-04   8.21030881e-05]
DEBUG:root:Planet Current Position is : [-0.14433238  0.99068947]
DEBUG:root:Planet Current Velocity is : [-0.0008082  -0.00011695]
DEBUG:root:Planet Current Acceleration is : [  9.60895662e-08  -6.58982772e-07]
DEBUG:root:Planet previous Acceleration is : [  4.20706011e-08  -6.64724664e-07]
DEBUG:root:Planet New Position is : [-0.22458215  0.97570912]
DEBUG:root:now running calculateNextVelocity Method
DEBUG:root:now running calculateNextVelocity Method
DEBUG:root: Sun Current Position is : [  1.22458215e-04   8.21030881e-05]
DEBUG:root: Sun Current Velocity is : [  7.95914730e-08   9.99115290e-08]
DEBUG:root: Sun Current Acceleration is : [ -1.49444743e-11   6.48862207e-11]
DEBUG:root: Sun previous Acceleration is : [ -9.60895662e-12   6.58982772e-11]
DEBUG:root: Sun New Position is : [  1.30333747e-04   9.24169853e-05]
DEBUG:root:Planet Current Position is : [-0.22458215  0.97570912]
DEBUG:root:Planet Current Velocity is : [-0.00079591 -0.00018242]
DEBUG:root:Planet Current Acceleration is : [  1.49444743e-07  -6.48862207e-07]
DEBUG:root:Planet previous Acceleration is : [  9.60895662e-08  -6.58982772e-07]
DEBUG:root:Planet New Position is : [-0.30333747  0.95424015]
DEBUG:root:now running calculateNextVelocity Method
DEBUG:root:now running calculateNextVelocity Method
DEBUG:root: Sun Current Position is : [  1.30333747e-04   9.24169853e-05]
DEBUG:root: Sun Current Velocity is : [  7.78336410e-08   1.06335190e-07]
DEBUG:root: Sun Current Acceleration is : [ -2.01782534e-11   6.34434169e-11]
DEBUG:root: Sun previous Acceleration is : [ -1.49444743e-11   6.48862207e-11]
DEBUG:root: Sun New Position is : [ 0.00013801  0.00010337]
DEBUG:root:Planet Current Position is : [-0.30333747  0.95424015]
DEBUG:root:Planet Current Velocity is : [-0.00077834 -0.00024665]
DEBUG:root:Planet Current Acceleration is : [  2.01782534e-07  -6.34434169e-07]
DEBUG:root:Planet previous Acceleration is : [  1.49444743e-07  -6.48862207e-07]
DEBUG:root:Planet New Position is : [-0.38007497  0.92642683]
DEBUG:root:now running calculateNextVelocity Method
DEBUG:root:now running calculateNextVelocity Method
DEBUG:root: Sun Current Position is : [ 0.00013801  0.00010337]
DEBUG:root: Sun Current Velocity is : [  7.55586721e-08   1.12593365e-07]
DEBUG:root: Sun Current Acceleration is : [ -2.52756718e-11   6.15798226e-11]
DEBUG:root: Sun previous Acceleration is : [ -2.01782534e-11   6.34434169e-11]
DEBUG:root: Sun New Position is : [ 0.00014543  0.00011493]
DEBUG:root:Planet Current Position is : [-0.38007497  0.92642683]
DEBUG:root:Planet Current Velocity is : [-0.00075559 -0.00030923]
DEBUG:root:Planet Current Acceleration is : [  2.52756718e-07  -6.15798226e-07]
DEBUG:root:Planet previous Acceleration is : [  2.01782534e-07  -6.34434169e-07]
DEBUG:root:Planet New Position is : [-0.4542849   0.89245554]
DEBUG:root:now running calculateNextVelocity Method
DEBUG:root:now running calculateNextVelocity Method
DEBUG:root: Sun Current Position is : [ 0.00014543  0.00011493]
DEBUG:root: Sun Current Velocity is : [  7.27819013e-08   1.18644565e-07]
DEBUG:root: Sun Current Acceleration is : [ -3.02030693e-11   5.93081562e-11]
DEBUG:root: Sun previous Acceleration is : [ -2.52756718e-11   6.15798226e-11]
DEBUG:root: Sun New Position is : [ 0.00015255  0.00012709]
DEBUG:root:Planet Current Position is : [-0.4542849   0.89245554]
DEBUG:root:Planet Current Velocity is : [-0.00072782 -0.00036975]
DEBUG:root:Planet Current Acceleration is : [  3.02030693e-07  -5.93081562e-07]
DEBUG:root:Planet previous Acceleration is : [  2.52756718e-07  -6.15798226e-07]
DEBUG:root:Planet New Position is : [-0.52547453  0.85255342]
DEBUG:root:now running calculateNextVelocity Method
DEBUG:root:now running calculateNextVelocity Method
DEBUG:root: Sun Current Position is : [ 0.00015255  0.00012709]
DEBUG:root: Sun Current Velocity is : [  6.95219746e-08   1.24448708e-07]
DEBUG:root: Sun Current Acceleration is : [ -3.49279649e-11   5.66438041e-11]
DEBUG:root: Sun previous Acceleration is : [ -3.02030693e-11   5.93081562e-11]
DEBUG:root: Sun New Position is : [ 0.00015932  0.00013981]
DEBUG:root:Planet Current Position is : [-0.52547453  0.85255342]
DEBUG:root:Planet Current Velocity is : [-0.00069522 -0.00042779]
DEBUG:root:Planet Current Acceleration is : [  3.49279649e-07  -5.66438041e-07]
DEBUG:root:Planet previous Acceleration is : [  3.02030693e-07  -5.93081562e-07]
DEBUG:root:Planet New Position is : [-0.59317136  0.80698693]
DEBUG:root:now running calculateNextVelocity Method
DEBUG:root:now running calculateNextVelocity Method
DEBUG:root: Sun Current Position is : [ 0.00015932  0.00013981]
DEBUG:root: Sun Current Velocity is : [  6.58007199e-08   1.29967380e-07]
DEBUG:root: Sun Current Acceleration is : [ -3.94192643e-11   5.36047120e-11]
DEBUG:root: Sun previous Acceleration is : [ -3.49279649e-11   5.66438041e-11]
DEBUG:root: Sun New Position is : [ 0.00016569  0.00015307]
DEBUG:root:Planet Current Position is : [-0.59317136  0.80698693]
DEBUG:root:Planet Current Velocity is : [-0.00065801 -0.00048297]
DEBUG:root:Planet Current Acceleration is : [  3.94192643e-07  -5.36047120e-07]
DEBUG:root:Planet previous Acceleration is : [  3.49279649e-07  -5.66438041e-07]
DEBUG:root:Planet New Position is : [-0.65692626  0.75605997]
DEBUG:root:now running calculateNextVelocity Method
DEBUG:root:now running calculateNextVelocity Method
DEBUG:root: Sun Current Position is : [ 0.00016569  0.00015307]
DEBUG:root: Sun Current Velocity is : [  6.16429987e-08   1.35164084e-07]
DEBUG:root: Sun Current Acceleration is : [ -4.36474576e-11   5.02112592e-11]
DEBUG:root: Sun previous Acceleration is : [ -3.94192643e-11   5.36047120e-11]
DEBUG:root: Sun New Position is : [ 0.00017163  0.00016683]
DEBUG:root:Planet Current Position is : [-0.65692626  0.75605997]
DEBUG:root:Planet Current Velocity is : [-0.00061643 -0.00053494]
DEBUG:root:Planet Current Acceleration is : [  4.36474576e-07  -5.02112592e-07]
DEBUG:root:Planet previous Acceleration is : [  3.94192643e-07  -5.36047120e-07]
DEBUG:root:Planet New Position is : [-0.71631642  0.70011188]
DEBUG:root:now running calculateNextVelocity Method
DEBUG:root:now running calculateNextVelocity Method
DEBUG:root: Sun Current Position is : [ 0.00017163  0.00016683]
DEBUG:root: Sun Current Velocity is : [  5.70765381e-08   1.40004481e-07]
DEBUG:root: Sun Current Acceleration is : [ -4.75848057e-11   4.64861197e-11]
DEBUG:root: Sun previous Acceleration is : [ -4.36474576e-11   5.02112592e-11]
DEBUG:root: Sun New Position is : [ 0.00017709  0.00018106]
DEBUG:root:Planet Current Position is : [-0.71631642  0.70011188]
DEBUG:root:Planet Current Velocity is : [-0.00057077 -0.00058334]
DEBUG:root:Planet Current Acceleration is : [  4.75848057e-07  -4.64861197e-07]
DEBUG:root:Planet previous Acceleration is : [  4.36474576e-07  -5.02112592e-07]
DEBUG:root:Planet New Position is : [-0.77094809  0.63951518]
DEBUG:root:now running calculateNextVelocity Method
DEBUG:root:now running calculateNextVelocity Method
DEBUG:root: Sun Current Position is : [ 0.00017709  0.00018106]
DEBUG:root: Sun Current Velocity is : [  5.21317448e-08   1.44456607e-07]
DEBUG:root: Sun Current Acceleration is : [ -5.12055139e-11   4.24541082e-11]
DEBUG:root: Sun previous Acceleration is : [ -4.75848057e-11   4.64861197e-11]
DEBUG:root: Sun New Position is : [ 0.00018205  0.00019571]
DEBUG:root:Planet Current Position is : [-0.77094809  0.63951518]
DEBUG:root:Planet Current Velocity is : [-0.00052132 -0.00062787]
DEBUG:root:Planet Current Acceleration is : [  5.12055139e-07  -4.24541082e-07]
DEBUG:root:Planet previous Acceleration is : [  4.75848057e-07  -4.64861197e-07]
DEBUG:root:Planet New Position is : [-0.82045921  0.57467306]
DEBUG:root:now running calculateNextVelocity Method
DEBUG:root:now running calculateNextVelocity Method
DEBUG:root: Sun Current Position is : [ 0.00018205  0.00019571]
DEBUG:root: Sun Current Velocity is : [  4.68415023e-08   1.48491081e-07]
DEBUG:root: Sun Current Acceleration is : [ -5.44858927e-11   3.81420153e-11]
DEBUG:root: Sun previous Acceleration is : [ -5.12055139e-11   4.24541082e-11]
DEBUG:root: Sun New Position is : [ 0.00018645  0.00021074]
DEBUG:root:Planet Current Position is : [-0.82045921  0.57467306]
DEBUG:root:Planet Current Velocity is : [-0.00046842 -0.00066821]
DEBUG:root:Planet Current Acceleration is : [  5.44858927e-07  -3.81420153e-07]
DEBUG:root:Planet previous Acceleration is : [  5.12055139e-07  -4.24541082e-07]
DEBUG:root:Planet New Position is : [-0.86452175  0.50601675]
DEBUG:root:now running calculateNextVelocity Method
DEBUG:root:now running calculateNextVelocity Method
DEBUG:root: Sun Current Position is : [ 0.00018645  0.00021074]
DEBUG:root: Sun Current Velocity is : [  4.12409529e-08   1.52081295e-07]
DEBUG:root: Sun Current Acceleration is : [ -5.74045051e-11   3.35784298e-11]
DEBUG:root: Sun previous Acceleration is : [ -5.44858927e-11   3.81420153e-11]
DEBUG:root: Sun New Position is : [ 0.00019028  0.00022611]
DEBUG:root:Planet Current Position is : [-0.86452175  0.50601675]
DEBUG:root:Planet Current Velocity is : [-0.00041241 -0.00070411]
DEBUG:root:Planet Current Acceleration is : [  5.74045051e-07  -3.35784298e-07]
DEBUG:root:Planet previous Acceleration is : [  5.44858927e-07  -3.81420153e-07]
DEBUG:root:Planet New Position is : [-0.90284383  0.43400259]
DEBUG:root:now running calculateNextVelocity Method
DEBUG:root:now running calculateNextVelocity Method
DEBUG:root: Sun Current Position is : [ 0.00019028  0.00022611]
DEBUG:root: Sun Current Velocity is : [  3.53672658e-08   1.55203582e-07]
DEBUG:root: Sun Current Acceleration is : [ -5.99422985e-11   2.87935516e-11]
DEBUG:root: Sun previous Acceleration is : [ -5.74045051e-11   3.35784298e-11]
DEBUG:root: Sun New Position is : [ 0.00019352  0.00024177]
DEBUG:root:Planet Current Position is : [-0.90284383  0.43400259]
DEBUG:root:Planet Current Velocity is : [-0.00035367 -0.00073534]
DEBUG:root:Planet Current Acceleration is : [  5.99422985e-07  -2.87935516e-07]
DEBUG:root:Planet previous Acceleration is : [  5.74045051e-07  -3.35784298e-07]
DEBUG:root:Planet New Position is : [-0.93517169  0.35910908]
DEBUG:root:now running calculateNextVelocity Method
DEBUG:root:now running calculateNextVelocity Method
DEBUG:root: Sun Current Position is : [ 0.00019352  0.00024177]
DEBUG:root: Sun Current Velocity is : [  2.92593919e-08   1.57837371e-07]
DEBUG:root: Sun Current Acceleration is : [ -6.20827214e-11   2.38189954e-11]
DEBUG:root: Sun previous Acceleration is : [ -5.99422985e-11   2.87935516e-11]
DEBUG:root: Sun New Position is : [ 0.00019613  0.00025766]
DEBUG:root:Planet Current Position is : [-0.93517169  0.35910908]
DEBUG:root:Planet Current Velocity is : [-0.00029259 -0.00076167]
DEBUG:root:Planet Current Acceleration is : [  6.20827214e-07  -2.38189954e-07]
DEBUG:root:Planet previous Acceleration is : [  5.99422985e-07  -2.87935516e-07]
DEBUG:root:Planet New Position is : [-0.96129127  0.28183367]
DEBUG:root:now running calculateNextVelocity Method
DEBUG:root:now running calculateNextVelocity Method
DEBUG:root: Sun Current Position is : [ 0.00019613  0.00025766]
DEBUG:root: Sun Current Velocity is : [  2.29578093e-08   1.59965314e-07]
DEBUG:root: Sun Current Acceleration is : [ -6.38118253e-11   1.86875867e-11]
DEBUG:root: Sun previous Acceleration is : [ -6.20827214e-11   2.38189954e-11]
DEBUG:root: Sun New Position is : [ 0.0001981   0.00027374]
DEBUG:root:Planet Current Position is : [-0.96129127  0.28183367]
DEBUG:root:Planet Current Velocity is : [-0.00022958 -0.00078295]
DEBUG:root:Planet Current Acceleration is : [  6.38118253e-07  -1.86875867e-07]
DEBUG:root:Planet previous Acceleration is : [  6.20827214e-07  -2.38189954e-07]
DEBUG:root:Planet New Position is : [-0.98102967  0.2026895 ]
DEBUG:root:now running calculateNextVelocity Method
DEBUG:root:now running calculateNextVelocity Method
DEBUG:root: Sun Current Position is : [ 0.0001981   0.00027374]
DEBUG:root: Sun Current Velocity is : [  1.65042576e-08   1.61573402e-07]
DEBUG:root: Sun Current Acceleration is : [ -6.51183490e-11   1.34331501e-11]
DEBUG:root: Sun previous Acceleration is : [ -6.38118253e-11   1.86875867e-11]
DEBUG:root: Sun New Position is : [ 0.00019943  0.00028996]
DEBUG:root:Planet Current Position is : [-0.98102967  0.2026895 ]
DEBUG:root:Planet Current Velocity is : [-0.00016504 -0.00079903]
DEBUG:root:Planet Current Acceleration is : [  6.51183490e-07  -1.34331501e-07]
DEBUG:root:Planet previous Acceleration is : [  6.38118253e-07  -1.86875867e-07]
DEBUG:root:Planet New Position is : [-0.99425623  0.12220202]
DEBUG:root:now running calculateNextVelocity Method
DEBUG:root:now running calculateNextVelocity Method
DEBUG:root: Sun Current Position is : [ 0.00019943  0.00028996]
DEBUG:root: Sun Current Velocity is : [  9.94146600e-09   1.62651048e-07]
DEBUG:root: Sun Current Acceleration is : [ -6.59937875e-11   8.09029368e-12]
DEBUG:root: Sun previous Acceleration is : [ -6.51183490e-11   1.34331501e-11]
DEBUG:root: Sun New Position is : [ 0.00020009  0.00030626]
DEBUG:root:Planet Current Position is : [-0.99425623  0.12220202]
DEBUG:root:Planet Current Velocity is : [ -9.94146600e-05  -8.09810475e-04]
DEBUG:root:Planet Current Acceleration is : [  6.59937875e-07  -8.09029368e-08]
DEBUG:root:Planet previous Acceleration is : [  6.51183490e-07  -1.34331501e-07]
DEBUG:root:Planet New Position is : [-1.00088342  0.0409055 ]
DEBUG:root:now running calculateNextVelocity Method
DEBUG:root:now running calculateNextVelocity Method
DEBUG:root: Sun Current Position is : [ 0.00020009  0.00030626]
DEBUG:root: Sun Current Velocity is : [  3.31287474e-09   1.63191159e-07]
DEBUG:root: Sun Current Acceleration is : [ -6.64324435e-11   2.69418788e-12]
DEBUG:root: Sun previous Acceleration is : [ -6.59937875e-11   8.09029368e-12]
DEBUG:root: Sun New Position is : [ 0.00020009  0.00032258]
DEBUG:root:Planet Current Position is : [-1.00088342  0.0409055 ]
DEBUG:root:Planet Current Velocity is : [ -3.31287474e-05  -8.15211591e-04]
DEBUG:root:Planet Current Acceleration is : [  6.64324435e-07  -2.69418788e-08]
DEBUG:root:Planet previous Acceleration is : [  6.59937875e-07  -8.09029368e-08]
DEBUG:root:Planet New Position is : [-1.00086736 -0.04066043]
DEBUG:root:now running calculateNextVelocity Method
DEBUG:root:now running calculateNextVelocity Method
DEBUG:root: Sun Current Position is : [ 0.00020009  0.00032258]
DEBUG:root: Sun Current Velocity is : [ -3.33764782e-09   1.63190181e-07]
DEBUG:root: Sun Current Acceleration is : [ -6.64314618e-11  -2.71965829e-12]
DEBUG:root: Sun previous Acceleration is : [ -6.64324435e-11   2.69418788e-12]
DEBUG:root: Sun New Position is : [ 0.00019942  0.00033888]
DEBUG:root:Planet Current Position is : [-1.00086736 -0.04066043]
DEBUG:root:Planet Current Velocity is : [  3.33764782e-05  -8.15201812e-04]
DEBUG:root:Planet Current Acceleration is : [  6.64314618e-07   2.71965829e-08]
DEBUG:root:Planet previous Acceleration is : [  6.64324435e-07  -2.69418788e-08]
DEBUG:root:Planet New Position is : [-0.99420816 -0.1219544 ]
DEBUG:root:now running calculateNextVelocity Method
DEBUG:root:now running calculateNextVelocity Method
DEBUG:root: Sun Current Position is : [ 0.00019942  0.00033888]
DEBUG:root: Sun Current Velocity is : [ -9.96609046e-09   1.62648119e-07]
DEBUG:root: Sun Current Acceleration is : [ -6.59908464e-11  -8.11562278e-12]
DEBUG:root: Sun previous Acceleration is : [ -6.64314618e-11  -2.71965829e-12]
DEBUG:root: Sun New Position is : [ 0.00019809  0.00035509]
DEBUG:root:Planet Current Position is : [-0.99420816 -0.1219544 ]
DEBUG:root:Planet Current Velocity is : [  9.96609046e-05  -8.09781192e-04]
DEBUG:root:Planet Current Acceleration is : [  6.59908464e-07   8.11562278e-08]
DEBUG:root:Planet previous Acceleration is : [  6.64314618e-07   2.71965829e-08]
DEBUG:root:Planet New Position is : [-0.98094987 -0.20243681]
DEBUG:root:now running calculateNextVelocity Method
DEBUG:root:now running calculateNextVelocity Method
DEBUG:root: Sun Current Position is : [ 0.00019809  0.00035509]
DEBUG:root: Sun Current Velocity is : [ -1.65285853e-08   1.61568538e-07]
DEBUG:root: Sun Current Acceleration is : [ -6.51134613e-11  -1.34581967e-11]
DEBUG:root: Sun previous Acceleration is : [ -6.59908464e-11  -8.11562278e-12]
DEBUG:root: Sun New Position is : [ 0.00019612  0.00037117]
DEBUG:root:Planet Current Position is : [-0.98094987 -0.20243681]
DEBUG:root:Planet Current Velocity is : [ 0.00016529 -0.00079899]
DEBUG:root:Planet Current Acceleration is : [  6.51134613e-07   1.34581967e-07]
DEBUG:root:Planet previous Acceleration is : [  6.59908464e-07   8.11562278e-08]
DEBUG:root:Planet New Position is : [-0.96118023 -0.28157339]
DEBUG:root:now running calculateNextVelocity Method
DEBUG:root:now running calculateNextVelocity Method
DEBUG:root: Sun Current Position is : [ 0.00019612  0.00037117]
DEBUG:root: Sun Current Velocity is : [ -2.29816934e-08   1.59958542e-07]
DEBUG:root: Sun Current Acceleration is : [ -6.38050124e-11  -1.87122102e-11]
DEBUG:root: Sun previous Acceleration is : [ -6.51134613e-11  -1.34581967e-11]
DEBUG:root: Sun New Position is : [ 0.0001935   0.00038706]
DEBUG:root:Planet Current Position is : [-0.96118023 -0.28157339]
DEBUG:root:Planet Current Velocity is : [ 0.00022982 -0.00078289]
DEBUG:root:Planet Current Acceleration is : [  6.38050124e-07   1.87122102e-07]
DEBUG:root:Planet previous Acceleration is : [  6.51134613e-07   1.34581967e-07]
DEBUG:root:Planet New Position is : [-0.9350301  -0.35883876]
DEBUG:root:now running calculateNextVelocity Method
DEBUG:root:now running calculateNextVelocity Method
DEBUG:root: Sun Current Position is : [ 0.0001935   0.00038706]
DEBUG:root: Sun Current Velocity is : [ -2.92826872e-08   1.57828726e-07]
DEBUG:root: Sun Current Acceleration is : [ -6.20740133e-11  -2.38430557e-11]
DEBUG:root: Sun previous Acceleration is : [ -6.38050124e-11  -1.87122102e-11]
DEBUG:root: Sun New Position is : [ 0.00019027  0.00040272]
DEBUG:root:Planet Current Position is : [-0.9350301  -0.35883876]
DEBUG:root:Planet Current Velocity is : [ 0.00029283 -0.00076159]
DEBUG:root:Planet Current Acceleration is : [  6.20740133e-07   2.38430557e-07]
DEBUG:root:Planet previous Acceleration is : [  6.38050124e-07   1.87122102e-07]
DEBUG:root:Planet New Position is : [-0.90267256 -0.43371981]
DEBUG:root:now running calculateNextVelocity Method
DEBUG:root:now running calculateNextVelocity Method
DEBUG:root: Sun Current Position is : [ 0.00019027  0.00040272]
DEBUG:root: Sun Current Velocity is : [ -3.53898293e-08   1.55193111e-07]
DEBUG:root: Sun Current Acceleration is : [ -5.99317343e-11  -2.88169096e-11]
DEBUG:root: Sun previous Acceleration is : [ -6.20740133e-11  -2.38430557e-11]
DEBUG:root: Sun New Position is : [ 0.00018643  0.00041809]
DEBUG:root:Planet Current Position is : [-0.90267256 -0.43371981]
DEBUG:root:Planet Current Velocity is : [ 0.0003539  -0.00073523]
DEBUG:root:Planet Current Acceleration is : [  5.99317343e-07   2.88169096e-07]
DEBUG:root:Planet previous Acceleration is : [  6.20740133e-07   2.38430557e-07]
DEBUG:root:Planet New Position is : [-0.86432185 -0.50571918]
DEBUG:root:now running calculateNextVelocity Method
DEBUG:root:now running calculateNextVelocity Method
DEBUG:root: Sun Current Position is : [ 0.00018643  0.00041809]
DEBUG:root: Sun Current Velocity is : [ -4.12626447e-08   1.52069055e-07]
DEBUG:root: Sun Current Acceleration is : [ -5.73921331e-11  -3.36009478e-11]
DEBUG:root: Sun previous Acceleration is : [ -5.99317343e-11  -2.88169096e-11]
DEBUG:root: Sun New Position is : [ 0.00018202  0.00043312]
DEBUG:root:Planet Current Position is : [-0.86432185 -0.50571918]
DEBUG:root:Planet Current Velocity is : [ 0.00041263 -0.00070399]
DEBUG:root:Planet Current Acceleration is : [  5.73921331e-07   3.36009478e-07]
DEBUG:root:Planet previous Acceleration is : [  5.99317343e-07   2.88169096e-07]
DEBUG:root:Planet New Position is : [-0.82023192 -0.57435846]
DEBUG:root:now running calculateNextVelocity Method
DEBUG:root:now running calculateNextVelocity Method
DEBUG:root: Sun Current Position is : [ 0.00018202  0.00043312]
DEBUG:root: Sun Current Velocity is : [ -4.68621859e-08   1.48477139e-07]
DEBUG:root: Sun Current Acceleration is : [ -5.44717704e-11  -3.81635574e-11]
DEBUG:root: Sun previous Acceleration is : [ -5.73921331e-11  -3.36009478e-11]
DEBUG:root: Sun New Position is : [ 0.00017707  0.00044777]
DEBUG:root:Planet Current Position is : [-0.82023192 -0.57435846]
DEBUG:root:Planet Current Velocity is : [ 0.00046862 -0.00066807]
DEBUG:root:Planet Current Acceleration is : [  5.44717704e-07   3.81635574e-07]
DEBUG:root:Planet previous Acceleration is : [  5.73921331e-07   3.36009478e-07]
DEBUG:root:Planet New Position is : [-0.77069482 -0.63918137]
DEBUG:root:now running calculateNextVelocity Method
DEBUG:root:now running calculateNextVelocity Method
DEBUG:root: Sun Current Position is : [ 0.00017707  0.00044777]
DEBUG:root: Sun Current Velocity is : [ -5.21512881e-08   1.44441040e-07]
DEBUG:root: Sun Current Acceleration is : [ -5.11897087e-11  -4.24745406e-11]
DEBUG:root: Sun previous Acceleration is : [ -5.44717704e-11  -3.81635574e-11]
DEBUG:root: Sun New Position is : [ 0.0001716   0.00046199]
DEBUG:root:Planet Current Position is : [-0.77069482 -0.63918137]
DEBUG:root:Planet Current Velocity is : [ 0.00052151 -0.00062771]
DEBUG:root:Planet Current Acceleration is : [  5.11897087e-07   4.24745406e-07]
DEBUG:root:Planet previous Acceleration is : [  5.44717704e-07   3.81635574e-07]
DEBUG:root:Planet New Position is : [-0.71603875 -0.69975684]
DEBUG:root:now running calculateNextVelocity Method
DEBUG:root:now running calculateNextVelocity Method
DEBUG:root: Sun Current Position is : [ 0.0001716   0.00046199]
DEBUG:root: Sun Current Velocity is : [ -5.70948142e-08   1.39987377e-07]
DEBUG:root: Sun Current Acceleration is : [ -4.75673951e-11  -4.65053117e-11]
DEBUG:root: Sun previous Acceleration is : [ -5.11897087e-11  -4.24745406e-11]
DEBUG:root: Sun New Position is : [ 0.00016566  0.00047575]
DEBUG:root:Planet Current Position is : [-0.71603875 -0.69975684]
DEBUG:root:Planet Current Velocity is : [ 0.00057095 -0.00058317]
DEBUG:root:Planet Current Acceleration is : [  4.75673951e-07   4.65053117e-07]
DEBUG:root:Planet previous Acceleration is : [  5.11897087e-07   4.24745406e-07]
DEBUG:root:Planet New Position is : [-0.65662594 -0.75568177]
DEBUG:root:now running calculateNextVelocity Method
DEBUG:root:now running calculateNextVelocity Method
DEBUG:root: Sun Current Position is : [ 0.00016566  0.00047575]
DEBUG:root: Sun Current Velocity is : [ -6.16598863e-08   1.35145541e-07]
DEBUG:root: Sun Current Acceleration is : [ -4.36285290e-11  -5.02290839e-11]
DEBUG:root: Sun previous Acceleration is : [ -4.75673951e-11  -4.65053117e-11]
DEBUG:root: Sun New Position is : [ 0.00015929  0.00048901]
DEBUG:root:Planet Current Position is : [-0.65662594 -0.75568177]
DEBUG:root:Planet Current Velocity is : [ 0.0006166  -0.00053476]
DEBUG:root:Planet Current Acceleration is : [  4.36285290e-07   5.02290839e-07]
DEBUG:root:Planet previous Acceleration is : [  4.75673951e-07   4.65053117e-07]
DEBUG:root:Planet New Position is : [-0.59285027 -0.80658379]
DEBUG:root:now running calculateNextVelocity Method
DEBUG:root:now running calculateNextVelocity Method
DEBUG:root: Sun Current Position is : [ 0.00015929  0.00048901]
DEBUG:root: Sun Current Velocity is : [ -6.58161043e-08   1.29947504e-07]
DEBUG:root: Sun Current Acceleration is : [ -3.93989155e-11  -5.36210468e-11]
DEBUG:root: Sun previous Acceleration is : [ -4.36285290e-11  -5.02290839e-11]
DEBUG:root: Sun New Position is : [ 0.00015251  0.00050173]
DEBUG:root:Planet Current Position is : [-0.59285027 -0.80658379]
DEBUG:root:Planet Current Velocity is : [ 0.00065816 -0.00048278]
DEBUG:root:Planet Current Acceleration is : [  3.93989155e-07   5.36210468e-07]
DEBUG:root:Planet previous Acceleration is : [  4.36285290e-07   5.02290839e-07]
DEBUG:root:Planet New Position is : [-0.52513471 -0.85212371]
DEBUG:root:now running calculateNextVelocity Method
DEBUG:root:now running calculateNextVelocity Method
DEBUG:root: Sun Current Position is : [ 0.00015251  0.00050173]
DEBUG:root: Sun Current Velocity is : [ -6.95357486e-08   1.24427617e-07]
DEBUG:root: Sun Current Acceleration is : [ -3.49063043e-11  -5.66585319e-11]
DEBUG:root: Sun previous Acceleration is : [ -3.93989155e-11  -5.36210468e-11]
DEBUG:root: Sun New Position is : [ 0.00014539  0.00051388]
DEBUG:root:Planet Current Position is : [-0.52513471 -0.85212371]
DEBUG:root:Planet Current Velocity is : [ 0.00069536 -0.00042758]
DEBUG:root:Planet Current Acceleration is : [  3.49063043e-07   5.66585319e-07]
DEBUG:root:Planet previous Acceleration is : [  3.93989155e-07   5.36210468e-07]
DEBUG:root:Planet New Position is : [-0.45392853 -0.89199778]
DEBUG:root:now running calculateNextVelocity Method
DEBUG:root:now running calculateNextVelocity Method
DEBUG:root: Sun Current Position is : [ 0.00014539  0.00051388]
DEBUG:root: Sun Current Velocity is : [ -7.27939659e-08   1.18622385e-07]
DEBUG:root: Sun Current Acceleration is : [ -3.01802157e-11  -5.93211662e-11]
DEBUG:root: Sun previous Acceleration is : [ -3.49063043e-11  -5.66585319e-11]
DEBUG:root: Sun New Position is : [ 0.00013797  0.00052544]
DEBUG:root:Planet Current Position is : [-0.45392853 -0.89199778]
DEBUG:root:Planet Current Velocity is : [ 0.00072794 -0.00036952]
DEBUG:root:Planet Current Acceleration is : [  3.01802157e-07   5.93211662e-07]
DEBUG:root:Planet previous Acceleration is : [  3.49063043e-07   5.66585319e-07]
DEBUG:root:Planet New Position is : [-0.37970432 -0.92593973]
DEBUG:root:now running calculateNextVelocity Method
DEBUG:root:now running calculateNextVelocity Method
DEBUG:root: Sun Current Position is : [ 0.00013797  0.00052544]
DEBUG:root: Sun Current Velocity is : [ -7.55689372e-08   1.12570230e-07]
DEBUG:root: Sun Current Acceleration is : [ -2.52517542e-11  -6.15910116e-11]
DEBUG:root: Sun previous Acceleration is : [ -3.01802157e-11  -5.93211662e-11]
DEBUG:root: Sun New Position is : [ 0.0001303   0.00053639]
DEBUG:root:Planet Current Position is : [-0.37970432 -0.92593973]
DEBUG:root:Planet Current Velocity is : [ 0.00075569 -0.000309  ]
DEBUG:root:Planet Current Acceleration is : [  2.52517542e-07   6.15910116e-07]
DEBUG:root:Planet previous Acceleration is : [  3.01802157e-07   5.93211662e-07]
DEBUG:root:Planet New Position is : [-0.30295493 -0.95372258]
DEBUG:root:now running calculateNextVelocity Method
DEBUG:root:now running calculateNextVelocity Method
DEBUG:root: Sun Current Position is : [ 0.0001303   0.00053639]
DEBUG:root: Sun Current Velocity is : [ -7.78420269e-08   1.06311242e-07]
DEBUG:root: Sun Current Acceleration is : [ -2.01534111e-11  -6.34526902e-11]
DEBUG:root: Sun previous Acceleration is : [ -2.52517542e-11  -6.15910116e-11]
DEBUG:root: Sun New Position is : [ 0.00012242  0.0005467 ]
DEBUG:root:Planet Current Position is : [-0.30295493 -0.95372258]
DEBUG:root:Planet Current Velocity is : [ 0.00077842 -0.00024641]
DEBUG:root:Planet Current Acceleration is : [  2.01534111e-07   6.34526902e-07]
DEBUG:root:Planet previous Acceleration is : [  2.52517542e-07   6.15910116e-07]
DEBUG:root:Planet New Position is : [-0.22419021 -0.97516016]
DEBUG:root:now running calculateNextVelocity Method
DEBUG:root:now running calculateNextVelocity Method
DEBUG:root: Sun Current Position is : [ 0.00012242  0.0005467 ]
DEBUG:root: Sun Current Velocity is : [ -7.95979104e-08   9.98869180e-08]
DEBUG:root: Sun Current Acceleration is : [ -1.49188560e-11  -6.48934934e-11]
DEBUG:root: Sun previous Acceleration is : [ -2.01534111e-11  -6.34526902e-11]
DEBUG:root: Sun New Position is : [ 0.00011439  0.00055636]
DEBUG:root:Planet Current Position is : [-0.22419021 -0.97516016]
DEBUG:root:Planet Current Velocity is : [ 0.00079598 -0.00018217]
DEBUG:root:Planet Current Acceleration is : [  1.49188560e-07   6.48934934e-07]
DEBUG:root:Planet previous Acceleration is : [  2.01534111e-07   6.34526902e-07]
DEBUG:root:Planet New Position is : [-0.1439336  -0.99010839]
DEBUG:root:now running calculateNextVelocity Method
DEBUG:root:now running calculateNextVelocity Method
DEBUG:root: Sun Current Position is : [ 0.00011439  0.00055636]
DEBUG:root: Sun Current Velocity is : [ -8.08246822e-08   9.33398892e-08]
DEBUG:root: Sun Current Acceleration is : [ -9.58272042e-12  -6.59034752e-11]
DEBUG:root: Sun previous Acceleration is : [ -1.49188560e-11  -6.48934934e-11]
DEBUG:root: Sun New Position is : [ 0.00010627  0.00056537]
DEBUG:root:Planet Current Position is : [-0.1439336  -0.99010839]
DEBUG:root:Planet Current Velocity is : [ 0.00080825 -0.0001167 ]
DEBUG:root:Planet Current Acceleration is : [  9.58272042e-08   6.59034752e-07]
DEBUG:root:Planet previous Acceleration is : [  1.49188560e-07   6.48934934e-07]
DEBUG:root:Planet New Position is : [-0.06271872 -0.99846627]
DEBUG:root:now running calculateNextVelocity Method
DEBUG:root:now running calculateNextVelocity Method
DEBUG:root: Sun Current Position is : [ 0.00010627  0.00056537]
DEBUG:root: Sun Current Velocity is : [ -8.15139404e-08   8.67136402e-08]
DEBUG:root: Sun Current Acceleration is : [ -4.18037241e-12  -6.64755279e-11]
DEBUG:root: Sun previous Acceleration is : [ -9.58272042e-12  -6.59034752e-11]
DEBUG:root: Sun New Position is : [  9.81085797e-05   5.73703660e-04]
DEBUG:root:Planet Current Position is : [-0.06271872 -0.99846627]
DEBUG:root:Planet Current Velocity is : [  8.15139404e-04  -5.04364021e-05]
DEBUG:root:Planet Current Acceleration is : [  4.18037241e-08   6.64755279e-07]
DEBUG:root:Planet previous Acceleration is : [  9.58272042e-08   6.59034752e-07]
DEBUG:root:Planet New Position is : [ 0.0189142 -1.0001766]
DEBUG:root:now running calculateNextVelocity Method
DEBUG:root:now running calculateNextVelocity Method
DEBUG:root: Sun Current Position is : [  9.81085797e-05   5.73703660e-04]
DEBUG:root: Sun Current Velocity is : [ -8.16608490e-08   8.00522228e-08]
DEBUG:root: Sun Current Acceleration is : [  1.25231463e-12  -6.66054391e-11]
DEBUG:root: Sun previous Acceleration is : [ -4.18037241e-12  -6.64755279e-11]
DEBUG:root: Sun New Position is : [  8.99578108e-05   5.81375638e-04]
DEBUG:root:Planet Current Position is : [ 0.0189142 -1.0001766]
DEBUG:root:Planet Current Velocity is : [  8.16608490e-04   1.61777716e-05]
DEBUG:root:Planet Current Acceleration is : [ -1.25231463e-08   6.66054391e-07]
DEBUG:root:Planet previous Acceleration is : [  4.18037241e-08   6.64755279e-07]
DEBUG:root:Planet New Position is : [ 0.10042189 -0.99522638]
DEBUG:root:now running calculateNextVelocity Method
DEBUG:root:now running calculateNextVelocity Method
DEBUG:root: Sun Current Position is : [  8.99578108e-05   5.81375638e-04]
DEBUG:root: Sun Current Velocity is : [ -8.12641766e-08   7.33999640e-08]
DEBUG:root: Sun Current Acceleration is : [  6.67919845e-12  -6.62919311e-11]
DEBUG:root: Sun previous Acceleration is : [  1.25231463e-12  -6.66054391e-11]
DEBUG:root: Sun New Position is : [  8.18738340e-05   5.88384698e-04]
DEBUG:root:Planet Current Position is : [ 0.10042189 -0.99522638]
DEBUG:root:Planet Current Velocity is : [  8.12641766e-04   8.27003598e-05]
DEBUG:root:Planet Current Acceleration is : [ -6.67919845e-08   6.62919311e-07]
DEBUG:root:Planet previous Acceleration is : [ -1.25231463e-08   6.66054391e-07]
DEBUG:root:Planet New Position is : [ 0.18126166 -0.98364698]
DEBUG:root:now running calculateNextVelocity Method
DEBUG:root:now running calculateNextVelocity Method
DEBUG:root: Sun Current Position is : [  8.18738340e-05   5.88384698e-04]
DEBUG:root: Sun Current Velocity is : [ -8.03263117e-08   6.68011711e-08]
DEBUG:root: Sun Current Acceleration is : [  1.20641080e-11  -6.55366800e-11]
DEBUG:root: Sun previous Acceleration is : [  6.67919845e-12  -6.62919311e-11]
DEBUG:root: Sun New Position is : [  7.39104982e-05   5.94738390e-04]
DEBUG:root:Planet Current Position is : [ 0.18126166 -0.98364698]
DEBUG:root:Planet Current Velocity is : [ 0.00080326  0.00014869]
DEBUG:root:Planet Current Acceleration is : [ -1.20641080e-07   6.55366800e-07]
DEBUG:root:Planet previous Acceleration is : [ -6.67919845e-08   6.62919311e-07]
DEBUG:root:Planet New Position is : [ 0.26089502 -0.9655139 ]
DEBUG:root:now running calculateNextVelocity Method
DEBUG:root:now running calculateNextVelocity Method
DEBUG:root: Sun Current Position is : [  7.39104982e-05   5.94738390e-04]
DEBUG:root: Sun Current Velocity is : [ -7.88532532e-08   6.02998361e-08]
DEBUG:root: Sun Current Acceleration is : [  1.73710855e-11  -6.43443158e-11]
DEBUG:root: Sun previous Acceleration is : [  1.20641080e-11  -6.55366800e-11]
DEBUG:root: Sun New Position is : [  6.61208733e-05   6.00448639e-04]
DEBUG:root:Planet Current Position is : [ 0.26089502 -0.9655139 ]
DEBUG:root:Planet Current Velocity is : [ 0.00078853  0.0002137 ]
DEBUG:root:Planet Current Acceleration is : [ -1.73710855e-07   6.43443158e-07]
DEBUG:root:Planet previous Acceleration is : [ -1.20641080e-07   6.55366800e-07]
DEBUG:root:Planet New Position is : [ 0.33879127 -0.94094639]
DEBUG:root:now running calculateNextVelocity Method
DEBUG:root:now running calculateNextVelocity Method
